Connecting to database specified by database.yml
Connecting to database specified by database.yml
Connecting to database specified by database.yml
Connecting to database specified by database.yml
Connecting to database specified by database.yml
  [1m[36m (0.2ms)[0m  [1mselect sqlite_version(*)[0m
  [1m[35m (189.1ms)[0m  CREATE TABLE "schema_migrations" ("version" varchar(255) NOT NULL) 
  [1m[36m (167.0ms)[0m  [1mCREATE UNIQUE INDEX "unique_schema_migrations" ON "schema_migrations" ("version")[0m
  [1m[35m (19.9ms)[0m  SELECT "schema_migrations"."version" FROM "schema_migrations" 
Migrating to CreateLocations (20130408220242)
  [1m[36m (0.1ms)[0m  [1mbegin transaction[0m
  [1m[35m (0.9ms)[0m  CREATE TABLE "locations" ("id" INTEGER PRIMARY KEY AUTOINCREMENT NOT NULL, "name" varchar(255), "address" varchar(255), "longitude" decimal, "latitude" decimal, "version" integer, "created_at" datetime NOT NULL, "updated_at" datetime NOT NULL) 
  [1m[36m (0.2ms)[0m  [1mINSERT INTO "schema_migrations" ("version") VALUES ('20130408220242')[0m
  [1m[35m (226.9ms)[0m  commit transaction
Migrating to CreateHappyHours (20130408223112)
  [1m[36m (0.1ms)[0m  [1mbegin transaction[0m
  [1m[35m (0.8ms)[0m  CREATE TABLE "happy_hours" ("id" INTEGER PRIMARY KEY AUTOINCREMENT NOT NULL, "location_id" integer, "name" varchar(255), "start_time" time, "end_time" time, "days" varchar(255), "version" integer, "created_at" datetime NOT NULL, "updated_at" datetime NOT NULL) 
  [1m[36m (0.4ms)[0m  [1mCREATE INDEX "index_happy_hours_on_location_id" ON "happy_hours" ("location_id")[0m
  [1m[35m (0.3ms)[0m  INSERT INTO "schema_migrations" ("version") VALUES ('20130408223112')
  [1m[36m (226.1ms)[0m  [1mcommit transaction[0m
Migrating to CreateBargains (20130408224235)
  [1m[35m (0.1ms)[0m  begin transaction
  [1m[36m (0.7ms)[0m  [1mCREATE TABLE "bargains" ("id" INTEGER PRIMARY KEY AUTOINCREMENT NOT NULL, "deal_description" varchar(255), "deal_type" varchar(255), "discount_or_price" decimal, "version" integer, "created_at" datetime NOT NULL, "updated_at" datetime NOT NULL) [0m
  [1m[35m (0.3ms)[0m  INSERT INTO "schema_migrations" ("version") VALUES ('20130408224235')
  [1m[36m (228.3ms)[0m  [1mcommit transaction[0m
Migrating to CreateHappyBargainsTable (20130408225422)
  [1m[35m (0.1ms)[0m  begin transaction
  [1m[36m (0.1ms)[0m  [1mrollback transaction[0m
Connecting to database specified by database.yml
  [1m[36m (1.8ms)[0m  [1mSELECT "schema_migrations"."version" FROM "schema_migrations" [0m
Migrating to CreateLocations (20130408220242)
Migrating to CreateHappyHours (20130408223112)
Migrating to CreateBargains (20130408224235)
Migrating to CreateHappyBargainsTable (20130408225422)
  [1m[35m (0.1ms)[0m  select sqlite_version(*)
  [1m[36m (0.1ms)[0m  [1mbegin transaction[0m
  [1m[35m (0.6ms)[0m  CREATE TABLE "happy_bargains" ("happy_hour_id" integer, "bargain_id" integer, "created_at" datetime NOT NULL, "updated_at" datetime NOT NULL) 
  [1m[36m (0.1ms)[0m  [1mINSERT INTO "schema_migrations" ("version") VALUES ('20130408225422')[0m
  [1m[35m (229.4ms)[0m  commit transaction
  [1m[36m (0.2ms)[0m  [1mSELECT "schema_migrations"."version" FROM "schema_migrations" [0m
Connecting to database specified by database.yml
Connecting to database specified by database.yml
Connecting to database specified by database.yml
Connecting to database specified by database.yml
  [1m[36m (1.8ms)[0m  [1mSELECT "schema_migrations"."version" FROM "schema_migrations" [0m
Migrating to CreateLocations (20130408220242)
Migrating to CreateHappyHours (20130408223112)
Migrating to CreateBargains (20130408224235)
Migrating to CreateHappyBargainsTable (20130408225422)
Migrating to AddStartTimeAndEndTimeIndicesToHappyHour (20130409001915)
  [1m[35m (0.1ms)[0m  select sqlite_version(*)
  [1m[36m (0.1ms)[0m  [1mbegin transaction[0m
  [1m[35m (0.5ms)[0m  CREATE INDEX "index_happy_hours_on_end_time" ON "happy_hours" ("end_time")
  [1m[36m (0.2ms)[0m  [1mCREATE INDEX "index_happy_hours_on_start_time" ON "happy_hours" ("start_time")[0m
  [1m[35m (0.1ms)[0m  INSERT INTO "schema_migrations" ("version") VALUES ('20130409001915')
  [1m[36m (200.0ms)[0m  [1mcommit transaction[0m
  [1m[35m (0.1ms)[0m  SELECT "schema_migrations"."version" FROM "schema_migrations" 
Connecting to database specified by database.yml
  [1m[36m (0.2ms)[0m  [1mselect sqlite_version(*)[0m
  [1m[35m (184.4ms)[0m  CREATE TABLE "schema_migrations" ("version" varchar(255) NOT NULL) 
  [1m[36m (189.0ms)[0m  [1mCREATE UNIQUE INDEX "unique_schema_migrations" ON "schema_migrations" ("version")[0m
  [1m[35m (4.2ms)[0m  SELECT "schema_migrations"."version" FROM "schema_migrations" 
Migrating to CreateLocations (20130408220242)
  [1m[36m (0.1ms)[0m  [1mbegin transaction[0m
  [1m[35m (0.6ms)[0m  CREATE TABLE "locations" ("id" INTEGER PRIMARY KEY AUTOINCREMENT NOT NULL, "name" varchar(255), "address" varchar(255), "longitude" decimal, "latitude" decimal, "version" integer, "record_number" integer, "created_at" datetime NOT NULL, "updated_at" datetime NOT NULL) 
  [1m[36m (0.2ms)[0m  [1mINSERT INTO "schema_migrations" ("version") VALUES ('20130408220242')[0m
  [1m[35m (177.1ms)[0m  commit transaction
Migrating to CreateHappyHours (20130408223112)
  [1m[36m (0.1ms)[0m  [1mbegin transaction[0m
  [1m[35m (0.4ms)[0m  CREATE TABLE "happy_hours" ("id" INTEGER PRIMARY KEY AUTOINCREMENT NOT NULL, "location_id" integer, "name" varchar(255) DEFAULT 'Happy Hour', "start_time" time, "end_time" time, "days" varchar(255), "version" integer, "record_number" integer, "created_at" datetime NOT NULL, "updated_at" datetime NOT NULL) 
  [1m[36m (0.2ms)[0m  [1mCREATE INDEX "index_happy_hours_on_location_id" ON "happy_hours" ("location_id")[0m
  [1m[35m (0.2ms)[0m  CREATE INDEX "index_happy_hours_on_end_time" ON "happy_hours" ("end_time")
  [1m[36m (0.2ms)[0m  [1mCREATE INDEX "index_happy_hours_on_start_time" ON "happy_hours" ("start_time")[0m
  [1m[35m (0.1ms)[0m  INSERT INTO "schema_migrations" ("version") VALUES ('20130408223112')
  [1m[36m (182.7ms)[0m  [1mcommit transaction[0m
Migrating to CreateBargains (20130408224235)
  [1m[35m (0.1ms)[0m  begin transaction
  [1m[36m (0.9ms)[0m  [1mCREATE TABLE "bargains" ("id" INTEGER PRIMARY KEY AUTOINCREMENT NOT NULL, "happy_hour_id" integer, "deal" varchar(255), "deal_type" varchar(255) DEFAULT 'Unknown', "discount_or_price" decimal, "version" integer, "record_number" integer, "created_at" datetime NOT NULL, "updated_at" datetime NOT NULL) [0m
  [1m[35m (0.2ms)[0m  CREATE INDEX "index_bargains_on_happy_hour_id" ON "bargains" ("happy_hour_id")
  [1m[36m (0.1ms)[0m  [1mINSERT INTO "schema_migrations" ("version") VALUES ('20130408224235')[0m
  [1m[35m (193.6ms)[0m  commit transaction
  [1m[36m (0.2ms)[0m  [1mSELECT "schema_migrations"."version" FROM "schema_migrations" [0m
Connecting to database specified by database.yml
Connecting to database specified by database.yml
Connecting to database specified by database.yml
